<?xml version="1.0" encoding="UTF-8"?>
<testsuite name="com.woobeee.blog.post.controller.PostControllerTest" tests="7" skipped="0" failures="0" errors="0" timestamp="2024-09-19T14:21:55" hostname="MacBook-Air.local" time="1.037">
  <properties/>
  <testcase name="게시글 생성" classname="com.woobeee.blog.post.controller.PostControllerTest" time="0.693"/>
  <testcase name="전체 게시글 조회" classname="com.woobeee.blog.post.controller.PostControllerTest" time="0.177"/>
  <testcase name="카테고리별 게시글 조회" classname="com.woobeee.blog.post.controller.PostControllerTest" time="0.029"/>
  <testcase name="게시글 조회" classname="com.woobeee.blog.post.controller.PostControllerTest" time="0.028"/>
  <testcase name="게시글 수정" classname="com.woobeee.blog.post.controller.PostControllerTest" time="0.05"/>
  <testcase name="게시글 삭제" classname="com.woobeee.blog.post.controller.PostControllerTest" time="0.02"/>
  <testcase name="태그별 게시글 조회" classname="com.woobeee.blog.post.controller.PostControllerTest" time="0.032"/>
  <system-out><![CDATA[23:21:52.984 [Test worker] INFO org.springframework.test.context.support.AnnotationConfigContextLoaderUtils -- Could not detect default configuration classes for test class [com.woobeee.blog.post.controller.PostControllerTest]: PostControllerTest does not declare any static, non-private, non-final, nested classes annotated with @Configuration.
23:21:53.096 [Test worker] INFO org.springframework.boot.test.context.SpringBootTestContextBootstrapper -- Found @SpringBootConfiguration com.woobeee.blog.WoobeeeApplication for test class com.woobeee.blog.post.controller.PostControllerTest

  .   ____          _            __ _ _
 /\\ / ___'_ __ _ _(_)_ __  __ _ \ \ \ \
( ( )\___ | '_ | '_| | '_ \/ _` | \ \ \ \
 \\/  ___)| |_)| | | | | || (_| |  ) ) ) )
  '  |____| .__|_| |_|_| |_\__, | / / / /
 =========|_|==============|___/=/_/_/_/

 :: Spring Boot ::                (v3.3.2)

2024-09-19T23:21:53.403+09:00  INFO 77220 --- [blog] [    Test worker] c.w.b.p.controller.PostControllerTest    : Starting PostControllerTest using Java 21.0.2 with PID 77220 (started by administrator in /Users/administrator/Documents/nhn/3runner/git-repository/woobeee)
2024-09-19T23:21:53.404+09:00  INFO 77220 --- [blog] [    Test worker] c.w.b.p.controller.PostControllerTest    : The following 1 profile is active: "prod"
2024-09-19T23:21:54.726+09:00  INFO 77220 --- [blog] [    Test worker] o.s.b.a.w.s.WelcomePageHandlerMapping    : Adding welcome page template: index
2024-09-19T23:21:55.272+09:00  WARN 77220 --- [blog] [    Test worker] .s.s.UserDetailsServiceAutoConfiguration : 

Using generated security password: 4d48cf7c-3c87-44a4-886d-69358b1ef055

This generated password is for development use only. Your security configuration must be updated before running your application in production.

2024-09-19T23:21:55.301+09:00  INFO 77220 --- [blog] [    Test worker] r$InitializeUserDetailsManagerConfigurer : Global AuthenticationManager configured with UserDetailsService bean with name inMemoryUserDetailsManager
2024-09-19T23:21:55.433+09:00  INFO 77220 --- [blog] [    Test worker] o.s.b.t.m.w.SpringBootMockServletContext : Initializing Spring TestDispatcherServlet ''
2024-09-19T23:21:55.433+09:00  INFO 77220 --- [blog] [    Test worker] o.s.t.web.servlet.TestDispatcherServlet  : Initializing Servlet ''
2024-09-19T23:21:55.434+09:00  INFO 77220 --- [blog] [    Test worker] o.s.t.web.servlet.TestDispatcherServlet  : Completed initialization in 1 ms
2024-09-19T23:21:55.450+09:00  INFO 77220 --- [blog] [    Test worker] c.w.b.p.controller.PostControllerTest    : Started PostControllerTest in 2.299 seconds (process running for 3.171)
2024-09-19T23:21:55.469+09:00  INFO 77220 --- [blog] [    Test worker] o.s.b.t.m.w.SpringBootMockServletContext : Initializing Spring TestDispatcherServlet ''
2024-09-19T23:21:55.469+09:00  INFO 77220 --- [blog] [    Test worker] o.s.t.web.servlet.TestDispatcherServlet  : Initializing Servlet ''
2024-09-19T23:21:55.470+09:00  INFO 77220 --- [blog] [    Test worker] o.s.t.web.servlet.TestDispatcherServlet  : Completed initialization in 1 ms

MockHttpServletRequest:
      HTTP Method = POST
      Request URI = /api/v1/blog/posts
       Parameters = {}
          Headers = [Content-Type:"application/json;charset=UTF-8", Content-Length:"84"]
             Body = {"title":"Sample Post","context":"This is a sample post.","categories":[],"tags":[]}
    Session Attrs = {}

Handler:
             Type = com.woobeee.blog.post.controller.PostController
           Method = com.woobeee.blog.post.controller.PostController#savePost(PostCreateRequest, BindingResult)

Async:
    Async started = false
     Async result = null

Resolved Exception:
             Type = null

ModelAndView:
        View name = null
             View = null
            Model = null

FlashMap:
       Attributes = null

MockHttpServletResponse:
           Status = 200
    Error message = null
          Headers = [Content-Type:"application/json;charset=UTF-8"]
     Content type = application/json;charset=UTF-8
             Body = {"header":{"resultCode":200,"successful":true}}
    Forwarded URL = null
   Redirected URL = null
          Cookies = []
2024-09-19T23:21:56.155+09:00  INFO 77220 --- [blog] [    Test worker] o.s.b.t.m.w.SpringBootMockServletContext : Initializing Spring TestDispatcherServlet ''
2024-09-19T23:21:56.156+09:00  INFO 77220 --- [blog] [    Test worker] o.s.t.web.servlet.TestDispatcherServlet  : Initializing Servlet ''
2024-09-19T23:21:56.157+09:00  INFO 77220 --- [blog] [    Test worker] o.s.t.web.servlet.TestDispatcherServlet  : Completed initialization in 1 ms

MockHttpServletRequest:
      HTTP Method = GET
      Request URI = /api/v1/blog/posts
       Parameters = {}
          Headers = [Content-Type:"application/json;charset=UTF-8"]
             Body = null
    Session Attrs = {}

Handler:
             Type = com.woobeee.blog.post.controller.PostController
           Method = com.woobeee.blog.post.controller.PostController#readAllPost()

Async:
    Async started = false
     Async result = null

Resolved Exception:
             Type = null

ModelAndView:
        View name = null
             View = null
            Model = null

FlashMap:
       Attributes = null

MockHttpServletResponse:
           Status = 200
    Error message = null
          Headers = [Content-Type:"application/json;charset=UTF-8"]
     Content type = application/json;charset=UTF-8
             Body = {"header":{"resultCode":200,"successful":true},"body":{"data":[{"title":"Sample Post","context":"This is a sample post.","status":"ACTIVE","count":0,"createdAt":"2024-09-19T23:21:56.157411","updatedAt":"2024-09-19T23:21:56.157418","deletedAt":null}]}}
    Forwarded URL = null
   Redirected URL = null
          Cookies = []
2024-09-19T23:21:56.332+09:00  INFO 77220 --- [blog] [    Test worker] o.s.b.t.m.w.SpringBootMockServletContext : Initializing Spring TestDispatcherServlet ''
2024-09-19T23:21:56.332+09:00  INFO 77220 --- [blog] [    Test worker] o.s.t.web.servlet.TestDispatcherServlet  : Initializing Servlet ''
2024-09-19T23:21:56.332+09:00  INFO 77220 --- [blog] [    Test worker] o.s.t.web.servlet.TestDispatcherServlet  : Completed initialization in 0 ms

MockHttpServletRequest:
      HTTP Method = GET
      Request URI = /api/v1/blog/categories/1/posts
       Parameters = {}
          Headers = [Content-Type:"application/json;charset=UTF-8"]
             Body = null
    Session Attrs = {}

Handler:
             Type = com.woobeee.blog.post.controller.PostController
           Method = com.woobeee.blog.post.controller.PostController#readCategoryPost(Long)

Async:
    Async started = false
     Async result = null

Resolved Exception:
             Type = null

ModelAndView:
        View name = null
             View = null
            Model = null

FlashMap:
       Attributes = null

MockHttpServletResponse:
           Status = 200
    Error message = null
          Headers = [Content-Type:"application/json;charset=UTF-8"]
     Content type = application/json;charset=UTF-8
             Body = {"header":{"resultCode":200,"successful":true},"body":{"data":[{"title":"Sample Post","context":"This is a sample post.","status":"ACTIVE","count":0,"createdAt":"2024-09-19T23:21:56.332886","updatedAt":"2024-09-19T23:21:56.332892","deletedAt":null}]}}
    Forwarded URL = null
   Redirected URL = null
          Cookies = []
2024-09-19T23:21:56.362+09:00  INFO 77220 --- [blog] [    Test worker] o.s.b.t.m.w.SpringBootMockServletContext : Initializing Spring TestDispatcherServlet ''
2024-09-19T23:21:56.362+09:00  INFO 77220 --- [blog] [    Test worker] o.s.t.web.servlet.TestDispatcherServlet  : Initializing Servlet ''
2024-09-19T23:21:56.363+09:00  INFO 77220 --- [blog] [    Test worker] o.s.t.web.servlet.TestDispatcherServlet  : Completed initialization in 1 ms

MockHttpServletRequest:
      HTTP Method = GET
      Request URI = /api/v1/blog/posts/1
       Parameters = {}
          Headers = [Content-Type:"application/json;charset=UTF-8"]
             Body = null
    Session Attrs = {}

Handler:
             Type = com.woobeee.blog.post.controller.PostController
           Method = com.woobeee.blog.post.controller.PostController#readPost(Long)

Async:
    Async started = false
     Async result = null

Resolved Exception:
             Type = null

ModelAndView:
        View name = null
             View = null
            Model = null

FlashMap:
       Attributes = null

MockHttpServletResponse:
           Status = 200
    Error message = null
          Headers = [Content-Type:"application/json;charset=UTF-8"]
     Content type = application/json;charset=UTF-8
             Body = {"header":{"resultCode":200,"successful":true},"body":{"data":{"title":"Sample Post","context":"This is a sample post.","status":"ACTIVE","count":0,"createdAt":"2024-09-19T23:21:56.363514","updatedAt":"2024-09-19T23:21:56.363519","deletedAt":null}}}
    Forwarded URL = null
   Redirected URL = null
          Cookies = []
2024-09-19T23:21:56.391+09:00  INFO 77220 --- [blog] [    Test worker] o.s.b.t.m.w.SpringBootMockServletContext : Initializing Spring TestDispatcherServlet ''
2024-09-19T23:21:56.392+09:00  INFO 77220 --- [blog] [    Test worker] o.s.t.web.servlet.TestDispatcherServlet  : Initializing Servlet ''
2024-09-19T23:21:56.392+09:00  INFO 77220 --- [blog] [    Test worker] o.s.t.web.servlet.TestDispatcherServlet  : Completed initialization in 0 ms

MockHttpServletRequest:
      HTTP Method = PUT
      Request URI = /api/v1/blog/posts/1
       Parameters = {}
          Headers = [Content-Type:"application/json;charset=UTF-8", Content-Length:"146"]
             Body = {"postId":1,"title":"Updated Title","context":"Updated context.","categories":[{"id":1,"name":"SPRING","children":null}],"tags":["Java","Spring"]}
    Session Attrs = {}

Handler:
             Type = com.woobeee.blog.post.controller.PostController
           Method = com.woobeee.blog.post.controller.PostController#updatePost(Long, PostUpdateRequest, BindingResult)

Async:
    Async started = false
     Async result = null

Resolved Exception:
             Type = null

ModelAndView:
        View name = null
             View = null
            Model = null

FlashMap:
       Attributes = null

MockHttpServletResponse:
           Status = 200
    Error message = null
          Headers = [Content-Type:"application/json;charset=UTF-8"]
     Content type = application/json;charset=UTF-8
             Body = {"header":{"resultCode":200,"successful":true}}
    Forwarded URL = null
   Redirected URL = null
          Cookies = []
2024-09-19T23:21:56.443+09:00  INFO 77220 --- [blog] [    Test worker] o.s.b.t.m.w.SpringBootMockServletContext : Initializing Spring TestDispatcherServlet ''
2024-09-19T23:21:56.443+09:00  INFO 77220 --- [blog] [    Test worker] o.s.t.web.servlet.TestDispatcherServlet  : Initializing Servlet ''
2024-09-19T23:21:56.444+09:00  INFO 77220 --- [blog] [    Test worker] o.s.t.web.servlet.TestDispatcherServlet  : Completed initialization in 1 ms

MockHttpServletRequest:
      HTTP Method = DELETE
      Request URI = /api/v1/blog/posts/1
       Parameters = {}
          Headers = []
             Body = null
    Session Attrs = {}

Handler:
             Type = com.woobeee.blog.post.controller.PostController
           Method = com.woobeee.blog.post.controller.PostController#deletePost(Long)

Async:
    Async started = false
     Async result = null

Resolved Exception:
             Type = null

ModelAndView:
        View name = null
             View = null
            Model = null

FlashMap:
       Attributes = null

MockHttpServletResponse:
           Status = 200
    Error message = null
          Headers = [Content-Type:"application/json;charset=UTF-8"]
     Content type = application/json;charset=UTF-8
             Body = {"header":{"resultCode":204,"successful":true}}
    Forwarded URL = null
   Redirected URL = null
          Cookies = []
2024-09-19T23:21:56.463+09:00  INFO 77220 --- [blog] [    Test worker] o.s.b.t.m.w.SpringBootMockServletContext : Initializing Spring TestDispatcherServlet ''
2024-09-19T23:21:56.463+09:00  INFO 77220 --- [blog] [    Test worker] o.s.t.web.servlet.TestDispatcherServlet  : Initializing Servlet ''
2024-09-19T23:21:56.463+09:00  INFO 77220 --- [blog] [    Test worker] o.s.t.web.servlet.TestDispatcherServlet  : Completed initialization in 0 ms

MockHttpServletRequest:
      HTTP Method = GET
      Request URI = /api/v1/blog/tags/Java/posts
       Parameters = {}
          Headers = [Content-Type:"application/json;charset=UTF-8"]
             Body = null
    Session Attrs = {}

Handler:
             Type = com.woobeee.blog.post.controller.PostController
           Method = com.woobeee.blog.post.controller.PostController#readTagPost(String)

Async:
    Async started = false
     Async result = null

Resolved Exception:
             Type = null

ModelAndView:
        View name = null
             View = null
            Model = null

FlashMap:
       Attributes = null

MockHttpServletResponse:
           Status = 200
    Error message = null
          Headers = [Content-Type:"application/json;charset=UTF-8"]
     Content type = application/json;charset=UTF-8
             Body = {"header":{"resultCode":200,"successful":true},"body":{"data":[{"title":"Sample Post","context":"This is a sample post.","status":"ACTIVE","count":0,"createdAt":"2024-09-19T23:21:56.463654","updatedAt":"2024-09-19T23:21:56.463659","deletedAt":null}]}}
    Forwarded URL = null
   Redirected URL = null
          Cookies = []
]]></system-out>
  <system-err><![CDATA[WARNING: A Java agent has been loaded dynamically (/Users/administrator/.gradle/caches/modules-2/files-2.1/net.bytebuddy/byte-buddy-agent/1.14.18/417558ea01fe9f0e8a94af28b9469d281c4e3984/byte-buddy-agent-1.14.18.jar)
WARNING: If a serviceability tool is in use, please run with -XX:+EnableDynamicAgentLoading to hide this warning
WARNING: If a serviceability tool is not in use, please run with -Djdk.instrument.traceUsage for more information
WARNING: Dynamic loading of agents will be disallowed by default in a future release
]]></system-err>
</testsuite>
