<?xml version="1.0" encoding="UTF-8"?>
<testsuite name="com.woobeee.blog.controller.PostControllerTest" tests="1" skipped="0" failures="0" errors="0" timestamp="2024-08-07T08:31:40" hostname="MacBook-Air.local" time="0.456">
  <properties/>
  <testcase name="/posts 요청시 title 값은 필수다." classname="com.woobeee.blog.controller.PostControllerTest" time="0.456"/>
  <system-out><![CDATA[17:31:39.811 [Test worker] INFO org.springframework.test.context.support.AnnotationConfigContextLoaderUtils -- Could not detect default configuration classes for test class [com.woobeee.blog.controller.PostControllerTest]: PostControllerTest does not declare any static, non-private, non-final, nested classes annotated with @Configuration.
17:31:39.858 [Test worker] INFO org.springframework.boot.test.context.SpringBootTestContextBootstrapper -- Found @SpringBootConfiguration com.woobeee.blog.WoobeeeApplication for test class com.woobeee.blog.controller.PostControllerTest

  .   ____          _            __ _ _
 /\\ / ___'_ __ _ _(_)_ __  __ _ \ \ \ \
( ( )\___ | '_ | '_| | '_ \/ _` | \ \ \ \
 \\/  ___)| |_)| | | | | || (_| |  ) ) ) )
  '  |____| .__|_| |_|_| |_\__, | / / / /
 =========|_|==============|___/=/_/_/_/

 :: Spring Boot ::                (v3.3.2)

2024-08-07T17:31:39.985+09:00  INFO 81356 --- [woobeee] [    Test worker] c.w.blog.controller.PostControllerTest   : Starting PostControllerTest using Java 21.0.2 with PID 81356 (started by administrator in /Users/administrator/Documents/nhn/3runner/git-repository/woobeee)
2024-08-07T17:31:39.986+09:00  INFO 81356 --- [woobeee] [    Test worker] c.w.blog.controller.PostControllerTest   : No active profile set, falling back to 1 default profile: "default"
2024-08-07T17:31:40.192+09:00  INFO 81356 --- [woobeee] [    Test worker] o.s.b.a.w.s.WelcomePageHandlerMapping    : Adding welcome page template: index
2024-08-07T17:31:40.287+09:00  INFO 81356 --- [woobeee] [    Test worker] o.s.b.t.m.w.SpringBootMockServletContext : Initializing Spring TestDispatcherServlet ''
2024-08-07T17:31:40.287+09:00  INFO 81356 --- [woobeee] [    Test worker] o.s.t.web.servlet.TestDispatcherServlet  : Initializing Servlet ''
2024-08-07T17:31:40.287+09:00  INFO 81356 --- [woobeee] [    Test worker] o.s.t.web.servlet.TestDispatcherServlet  : Completed initialization in 0 ms
2024-08-07T17:31:40.297+09:00  INFO 81356 --- [woobeee] [    Test worker] c.w.blog.controller.PostControllerTest   : Started PostControllerTest in 0.417 seconds (process running for 0.831)

MockHttpServletRequest:
      HTTP Method = POST
      Request URI = /posts
       Parameters = {}
          Headers = [Content-Type:"application/json;charset=UTF-8", Content-Length:"43"]
             Body = {"title": "", "content":"내용입니다."}
    Session Attrs = {}

Handler:
             Type = com.woobeee.blog.controller.PostController
           Method = com.woobeee.blog.controller.PostController#get(PostCreate)

Async:
    Async started = false
     Async result = null

Resolved Exception:
             Type = org.springframework.web.bind.MethodArgumentNotValidException

ModelAndView:
        View name = null
             View = null
            Model = null

FlashMap:
       Attributes = null

MockHttpServletResponse:
           Status = 400
    Error message = null
          Headers = [Content-Type:"application/json"]
     Content type = application/json
             Body = {"code":"400","message":"잘못된 요청입니다.","validation":{"title":"타이틀을 입력해주세요."}}
    Forwarded URL = null
   Redirected URL = null
          Cookies = []
]]></system-out>
  <system-err><![CDATA[WARNING: A Java agent has been loaded dynamically (/Users/administrator/.gradle/caches/modules-2/files-2.1/net.bytebuddy/byte-buddy-agent/1.14.18/417558ea01fe9f0e8a94af28b9469d281c4e3984/byte-buddy-agent-1.14.18.jar)
WARNING: If a serviceability tool is in use, please run with -XX:+EnableDynamicAgentLoading to hide this warning
WARNING: If a serviceability tool is not in use, please run with -Djdk.instrument.traceUsage for more information
WARNING: Dynamic loading of agents will be disallowed by default in a future release
]]></system-err>
</testsuite>
