<?xml version="1.0" encoding="UTF-8"?>
<testsuite name="com.woobeee.blog.post.controller.CommentControllerTest" tests="1" skipped="0" failures="0" errors="0" timestamp="2024-09-20T14:50:16" hostname="MacBook-Air.local" time="0.532">
  <properties/>
  <testcase name="댓글 삭제 테스트" classname="com.woobeee.blog.post.controller.CommentControllerTest" time="0.532"/>
  <system-out><![CDATA[23:50:14.072 [Test worker] INFO org.springframework.test.context.support.AnnotationConfigContextLoaderUtils -- Could not detect default configuration classes for test class [com.woobeee.blog.post.controller.CommentControllerTest]: CommentControllerTest does not declare any static, non-private, non-final, nested classes annotated with @Configuration.
23:50:14.199 [Test worker] INFO org.springframework.boot.test.context.SpringBootTestContextBootstrapper -- Found @SpringBootConfiguration com.woobeee.blog.WoobeeeApplication for test class com.woobeee.blog.post.controller.CommentControllerTest

  .   ____          _            __ _ _
 /\\ / ___'_ __ _ _(_)_ __  __ _ \ \ \ \
( ( )\___ | '_ | '_| | '_ \/ _` | \ \ \ \
 \\/  ___)| |_)| | | | | || (_| |  ) ) ) )
  '  |____| .__|_| |_|_| |_\__, | / / / /
 =========|_|==============|___/=/_/_/_/

 :: Spring Boot ::                (v3.3.2)

2024-09-20T23:50:14.555+09:00  INFO 86841 --- [blog] [    Test worker] c.w.b.p.c.CommentControllerTest          : Starting CommentControllerTest using Java 21.0.2 with PID 86841 (started by administrator in /Users/administrator/Documents/nhn/3runner/git-repository/woobeee)
2024-09-20T23:50:14.556+09:00  INFO 86841 --- [blog] [    Test worker] c.w.b.p.c.CommentControllerTest          : The following 1 profile is active: "prod"
2024-09-20T23:50:15.922+09:00  INFO 86841 --- [blog] [    Test worker] o.s.b.a.w.s.WelcomePageHandlerMapping    : Adding welcome page template: index
2024-09-20T23:50:16.143+09:00  WARN 86841 --- [blog] [    Test worker] .s.s.UserDetailsServiceAutoConfiguration : 

Using generated security password: 92e84605-b397-4010-8163-e5531d2e1989

This generated password is for development use only. Your security configuration must be updated before running your application in production.

2024-09-20T23:50:16.157+09:00  INFO 86841 --- [blog] [    Test worker] r$InitializeUserDetailsManagerConfigurer : Global AuthenticationManager configured with UserDetailsService bean with name inMemoryUserDetailsManager
2024-09-20T23:50:16.246+09:00  INFO 86841 --- [blog] [    Test worker] o.s.b.t.m.w.SpringBootMockServletContext : Initializing Spring TestDispatcherServlet ''
2024-09-20T23:50:16.246+09:00  INFO 86841 --- [blog] [    Test worker] o.s.t.web.servlet.TestDispatcherServlet  : Initializing Servlet ''
2024-09-20T23:50:16.247+09:00  INFO 86841 --- [blog] [    Test worker] o.s.t.web.servlet.TestDispatcherServlet  : Completed initialization in 1 ms
2024-09-20T23:50:16.263+09:00  INFO 86841 --- [blog] [    Test worker] c.w.b.p.c.CommentControllerTest          : Started CommentControllerTest in 2.014 seconds (process running for 2.982)
2024-09-20T23:50:16.282+09:00  INFO 86841 --- [blog] [    Test worker] o.s.b.t.m.w.SpringBootMockServletContext : Initializing Spring TestDispatcherServlet ''
2024-09-20T23:50:16.282+09:00  INFO 86841 --- [blog] [    Test worker] o.s.t.web.servlet.TestDispatcherServlet  : Initializing Servlet ''
2024-09-20T23:50:16.282+09:00  INFO 86841 --- [blog] [    Test worker] o.s.t.web.servlet.TestDispatcherServlet  : Completed initialization in 0 ms

MockHttpServletRequest:
      HTTP Method = DELETE
      Request URI = /api/v1/blog/posts/1/comments/1
       Parameters = {}
          Headers = [Content-Type:"application/json;charset=UTF-8"]
             Body = null
    Session Attrs = {}

Handler:
             Type = com.woobeee.blog.post.controller.CommentController
           Method = com.woobeee.blog.post.controller.CommentController#deleteComment(Long, Long)

Async:
    Async started = false
     Async result = null

Resolved Exception:
             Type = null

ModelAndView:
        View name = null
             View = null
            Model = null

FlashMap:
       Attributes = null

MockHttpServletResponse:
           Status = 200
    Error message = null
          Headers = [Content-Type:"application/json;charset=UTF-8"]
     Content type = application/json;charset=UTF-8
             Body = {"header":{"resultCode":204,"successful":true}}
    Forwarded URL = null
   Redirected URL = null
          Cookies = []
]]></system-out>
  <system-err><![CDATA[WARNING: A Java agent has been loaded dynamically (/Users/administrator/.gradle/caches/modules-2/files-2.1/net.bytebuddy/byte-buddy-agent/1.14.18/417558ea01fe9f0e8a94af28b9469d281c4e3984/byte-buddy-agent-1.14.18.jar)
WARNING: If a serviceability tool is in use, please run with -XX:+EnableDynamicAgentLoading to hide this warning
WARNING: If a serviceability tool is not in use, please run with -Djdk.instrument.traceUsage for more information
WARNING: Dynamic loading of agents will be disallowed by default in a future release
]]></system-err>
</testsuite>
